<?xml version="1.0" encoding="UTF-8"?>
<!-- Generated by org.testng.reporters.JUnitReportReporter -->
<testsuite hostname="DESKTOP-AELALK6" failures="0" tests="4" name="testcases.LoginTest" time="124.294" errors="0" timestamp="2023-03-05T22:29:12 IST" skipped="0">
  <testcase classname="testcases.LoginTest" name="LogiFailureTest" time="34.997"/>
  <system-out/>
  <testcase classname="testcases.LoginTest" name="paramTest" time="27.789"/>
  <system-out/>
  <testcase classname="testcases.LoginTest" name="LoginSuccessTest" time="28.055"/>
  <system-out/>
  <testcase classname="testcases.LoginTest" name="excelTestData" time="33.453"/>
  <system-out/>
</testsuite> <!-- testcases.LoginTest -->
