<?xml version="1.0" encoding="UTF-8"?>
<!-- Generated by org.testng.reporters.JUnitReportReporter -->
<testsuite hostname="DESKTOP-331VII8" failures="0" tests="4" name="testcases.LoginTest" time="99.636" errors="0" timestamp="2023-03-25T20:12:11 IST" skipped="0">
  <testcase classname="testcases.LoginTest" name="LogiFailureTest" time="29.242"/>
  <system-out/>
  <testcase classname="testcases.LoginTest" name="paramTest" time="22.607"/>
  <system-out/>
  <testcase classname="testcases.LoginTest" name="LoginSuccessTest" time="24.740"/>
  <system-out/>
  <testcase classname="testcases.LoginTest" name="excelTestData" time="23.047"/>
  <system-out/>
</testsuite> <!-- testcases.LoginTest -->
